\BOOKMARK [1][-]{section.1}{Zagadnienia obejmujace podstawowe tresci programowe kierunku studi\363w Fizyka Techniczna do egzaminu dyplomowego na studiach II stopnia}{}% 1
\BOOKMARK [2][-]{subsection.1.1}{Ruch w mechanice newtonowskiej i relatywistycznej}{section.1}% 2
\BOOKMARK [2][-]{subsection.1.2}{Zasady zachowania i symetrie w fizyce}{section.1}% 3
\BOOKMARK [2][-]{subsection.1.3}{Klasyczny i kwantowy oscylator harmoniczny}{section.1}% 4
\BOOKMARK [2][-]{subsection.1.4}{Fizyczna tresc r\363wnan Maxwella i r\363wnania falowego.}{section.1}% 5
\BOOKMARK [2][-]{subsection.1.5}{W\233asciwosci fal elektromagnetycznych.}{section.1}% 6
\BOOKMARK [2][-]{subsection.1.6}{Interferencja i dyfrakcja fal.}{section.1}% 7
\BOOKMARK [2][-]{subsection.1.7}{Zasady termodynamiki.}{section.1}% 8
\BOOKMARK [2][-]{subsection.1.8}{Entropia w ujeciu termodynamicznym i statystycznym.}{section.1}% 9
\BOOKMARK [2][-]{subsection.1.9}{Klasyczne i kwantowe rozk\233ady statystyczne.}{section.1}% 10
\BOOKMARK [2][-]{subsection.1.10}{Budowa materii.}{section.1}% 11
\BOOKMARK [2][-]{subsection.1.11}{Dualizm korpuskularno-falowy i jego eksperymentalne potwierdzenie.}{section.1}% 12
\BOOKMARK [2][-]{subsection.1.12}{Hamiltonian w mechanice klasycznej i kwantowej.}{section.1}% 13
\BOOKMARK [2][-]{subsection.1.13}{R\363wnanie Schr\366dingera zalezne i niezalezne od czasu.}{section.1}% 14
\BOOKMARK [2][-]{subsection.1.14}{Podstawy formalizmu kwantowego \205 wielkosci fizyczne, stany, operatory.}{section.1}% 15
\BOOKMARK [2][-]{subsection.1.15}{Kwantowy opis atomu wodoru. Liczby kwantowe.}{section.1}% 16
\BOOKMARK [1][-]{section.2}{Specjalnosc: Eksploracja Danych i Modelowanie Interdyscyplinarne}{}% 17
\BOOKMARK [2][-]{subsection.2.1}{Automaty kom\363rkowe.}{section.2}% 18
\BOOKMARK [2][-]{subsection.2.2}{Podstawowe twierdzenie algorytm\363w genetycznych.}{section.2}% 19
\BOOKMARK [2][-]{subsection.2.3}{Sieci bezskalowe.}{section.2}% 20
