This is pdfTeX, Version 3.14159265-2.6-1.40.18 (TeX Live 2017/Debian) (preloaded format=pdflatex 2019.4.24)  16 AUG 2019 17:40
entering extended mode
 restricted \write18 enabled.
 %&-line parsing enabled.
**opracowanieZagadnien.tex
(./opracowanieZagadnien.tex
LaTeX2e <2017-04-15>
Babel <3.18> and hyphenation patterns for 84 language(s) loaded.
(/usr/share/texlive/texmf-dist/tex/latex/base/article.cls
Document Class: article 2014/09/29 v1.4h Standard LaTeX document class
(/usr/share/texlive/texmf-dist/tex/latex/base/size10.clo
File: size10.clo 2014/09/29 v1.4h Standard LaTeX file (size option)
)
\c@part=\count79
\c@section=\count80
\c@subsection=\count81
\c@subsubsection=\count82
\c@paragraph=\count83
\c@subparagraph=\count84
\c@figure=\count85
\c@table=\count86
\abovecaptionskip=\skip41
\belowcaptionskip=\skip42
\bibindent=\dimen102
)
(/usr/share/texlive/texmf-dist/tex/latex/lipsum/lipsum.sty
Package: lipsum 2014/07/27 v1.3 150 paragraphs of Lorem Ipsum dummy text
\c@lips@count=\count87
)
(/usr/share/texlive/texmf-dist/tex/latex/url/url.sty
\Urlmuskip=\muskip10
Package: url 2013/09/16  ver 3.4  Verb mode for urls, etc.
)
(/usr/share/texlive/texmf-dist/tex/latex/classicthesis/classicthesis.sty
Package: classicthesis 2017/10/13 v4.4 Typographic style for a classic-looking 
thesis

(/usr/share/texlive/texmf-dist/tex/latex/base/latexrelease.sty
Package: latexrelease 2016/12/29 v1.0h LaTeX release emulation and tests


Package latexrelease Warning: Current format date selected, no patches applied.
.

) (/usr/share/texlive/texmf-dist/tex/latex/base/ifthen.sty
Package: ifthen 2014/09/29 v1.1c Standard LaTeX ifthen package (DPC)
)
(/usr/share/texlive/texmf-dist/tex/latex/oberdiek/kvoptions.sty
Package: kvoptions 2016/05/16 v3.12 Key value format for package options (HO)

(/usr/share/texlive/texmf-dist/tex/latex/graphics/keyval.sty
Package: keyval 2014/10/28 v1.15 key=value parser (DPC)
\KV@toks@=\toks14
)
(/usr/share/texlive/texmf-dist/tex/generic/oberdiek/ltxcmds.sty
Package: ltxcmds 2016/05/16 v1.23 LaTeX kernel commands for general use (HO)
)
(/usr/share/texlive/texmf-dist/tex/generic/oberdiek/kvsetkeys.sty
Package: kvsetkeys 2016/05/16 v1.17 Key value parser (HO)

(/usr/share/texlive/texmf-dist/tex/generic/oberdiek/infwarerr.sty
Package: infwarerr 2016/05/16 v1.4 Providing info/warning/error messages (HO)
)
(/usr/share/texlive/texmf-dist/tex/generic/oberdiek/etexcmds.sty
Package: etexcmds 2016/05/16 v1.6 Avoid name clashes with e-TeX commands (HO)

(/usr/share/texlive/texmf-dist/tex/generic/oberdiek/ifluatex.sty
Package: ifluatex 2016/05/16 v1.4 Provides the ifluatex switch (HO)
Package ifluatex Info: LuaTeX not detected.
)
Package etexcmds Info: Could not find \expanded.
(etexcmds)             That can mean that you are not using pdfTeX 1.50 or
(etexcmds)             that some package has redefined \expanded.
(etexcmds)             In the latter case, load this package earlier.
)))

Package classicthesis Warning: Chapter sectioning command not present in this d
ocument class. Deactivating options floatperchapter, linedheaders, manychapters
, listsseparated, eulerchapternumbers and parts.

(/usr/share/texlive/texmf-dist/tex/generic/oberdiek/ifpdf.sty
Package: ifpdf 2017/03/15 v3.2 Provides the ifpdf switch
)
(/usr/share/texlive/texmf-dist/tex/generic/ifxetex/ifxetex.sty
Package: ifxetex 2010/09/12 v0.6 Provides ifxetex conditional
)
(/usr/share/texlive/texmf-dist/tex/latex/hyperref/hyperref.sty
Package: hyperref 2018/02/06 v6.86b Hypertext links for LaTeX

(/usr/share/texlive/texmf-dist/tex/generic/oberdiek/hobsub-hyperref.sty
Package: hobsub-hyperref 2016/05/16 v1.14 Bundle oberdiek, subset hyperref (HO)


(/usr/share/texlive/texmf-dist/tex/generic/oberdiek/hobsub-generic.sty
Package: hobsub-generic 2016/05/16 v1.14 Bundle oberdiek, subset generic (HO)
Package: hobsub 2016/05/16 v1.14 Construct package bundles (HO)
Package hobsub Info: Skipping package `infwarerr' (already loaded).
Package hobsub Info: Skipping package `ltxcmds' (already loaded).
Package hobsub Info: Skipping package `ifluatex' (already loaded).
Package: ifvtex 2016/05/16 v1.6 Detect VTeX and its facilities (HO)
Package ifvtex Info: VTeX not detected.
Package: intcalc 2016/05/16 v1.2 Expandable calculations with integers (HO)
Package hobsub Info: Skipping package `ifpdf' (already loaded).
Package hobsub Info: Skipping package `etexcmds' (already loaded).
Package hobsub Info: Skipping package `kvsetkeys' (already loaded).
Package: kvdefinekeys 2016/05/16 v1.4 Define keys (HO)
Package: pdftexcmds 2018/01/21 v0.26 Utility functions of pdfTeX for LuaTeX (HO
)
Package pdftexcmds Info: LuaTeX not detected.
Package pdftexcmds Info: \pdf@primitive is available.
Package pdftexcmds Info: \pdf@ifprimitive is available.
Package pdftexcmds Info: \pdfdraftmode found.
Package: pdfescape 2016/05/16 v1.14 Implements pdfTeX's escape features (HO)
Package: bigintcalc 2016/05/16 v1.4 Expandable calculations on big integers (HO
)
Package: bitset 2016/05/16 v1.2 Handle bit-vector datatype (HO)
Package: uniquecounter 2016/05/16 v1.3 Provide unlimited unique counter (HO)
)
Package hobsub Info: Skipping package `hobsub' (already loaded).
Package: letltxmacro 2016/05/16 v1.5 Let assignment for LaTeX macros (HO)
Package: hopatch 2016/05/16 v1.3 Wrapper for package hooks (HO)
Package: xcolor-patch 2016/05/16 xcolor patch
Package: atveryend 2016/05/16 v1.9 Hooks at the very end of document (HO)
Package atveryend Info: \enddocument detected (standard20110627).
Package: atbegshi 2016/06/09 v1.18 At begin shipout hook (HO)
Package: refcount 2016/05/16 v3.5 Data extraction from label references (HO)
Package: hycolor 2016/05/16 v1.8 Color options for hyperref/bookmark (HO)
)
(/usr/share/texlive/texmf-dist/tex/latex/oberdiek/auxhook.sty
Package: auxhook 2016/05/16 v1.4 Hooks for auxiliary files (HO)
)
\@linkdim=\dimen103
\Hy@linkcounter=\count88
\Hy@pagecounter=\count89

(/usr/share/texlive/texmf-dist/tex/latex/hyperref/pd1enc.def
File: pd1enc.def 2018/02/06 v6.86b Hyperref: PDFDocEncoding definition (HO)
)
\Hy@SavedSpaceFactor=\count90

(/usr/share/texlive/texmf-dist/tex/latex/latexconfig/hyperref.cfg
File: hyperref.cfg 2002/06/06 v1.2 hyperref configuration of TeXLive
)
Package hyperref Info: Hyper figures OFF on input line 4509.
Package hyperref Info: Link nesting OFF on input line 4514.
Package hyperref Info: Hyper index ON on input line 4517.
Package hyperref Info: Plain pages OFF on input line 4524.
Package hyperref Info: Backreferencing OFF on input line 4529.
Package hyperref Info: Implicit mode ON; LaTeX internals redefined.
Package hyperref Info: Bookmarks ON on input line 4762.
\c@Hy@tempcnt=\count91
LaTeX Info: Redefining \url on input line 5115.
\XeTeXLinkMargin=\dimen104
\Fld@menulength=\count92
\Field@Width=\dimen105
\Fld@charsize=\dimen106
Package hyperref Info: Hyper figures OFF on input line 6369.
Package hyperref Info: Link nesting OFF on input line 6374.
Package hyperref Info: Hyper index ON on input line 6377.
Package hyperref Info: backreferencing OFF on input line 6384.
Package hyperref Info: Link coloring OFF on input line 6389.
Package hyperref Info: Link coloring with OCG OFF on input line 6394.
Package hyperref Info: PDF/A mode OFF on input line 6399.
LaTeX Info: Redefining \ref on input line 6439.
LaTeX Info: Redefining \pageref on input line 6443.
\Hy@abspage=\count93
\c@Item=\count94
\c@Hfootnote=\count95
)
Package hyperref Info: Driver (autodetected): hpdftex.

(/usr/share/texlive/texmf-dist/tex/latex/hyperref/hpdftex.def
File: hpdftex.def 2018/02/06 v6.86b Hyperref driver for pdfTeX
\Fld@listcount=\count96
\c@bookmark@seq@number=\count97

(/usr/share/texlive/texmf-dist/tex/latex/oberdiek/rerunfilecheck.sty
Package: rerunfilecheck 2016/05/16 v1.8 Rerun checks for auxiliary files (HO)
Package uniquecounter Info: New unique counter `rerunfilecheck' on input line 2
82.
)
\Hy@SectionHShift=\skip43
)
(/usr/share/texlive/texmf-dist/tex/latex/xcolor/xcolor.sty
Package: xcolor 2016/05/11 v2.12 LaTeX color extensions (UK)

(/usr/share/texlive/texmf-dist/tex/latex/graphics-cfg/color.cfg
File: color.cfg 2016/01/02 v1.6 sample color configuration
)
Package xcolor Info: Driver file: pdftex.def on input line 225.

(/usr/share/texlive/texmf-dist/tex/latex/graphics-def/pdftex.def
File: pdftex.def 2018/01/08 v1.0l Graphics/color driver for pdftex
)
Package xcolor Info: Model `cmy' substituted by `cmy0' on input line 1348.
Package xcolor Info: Model `hsb' substituted by `rgb' on input line 1352.
Package xcolor Info: Model `RGB' extended on input line 1364.
Package xcolor Info: Model `HTML' substituted by `rgb' on input line 1366.
Package xcolor Info: Model `Hsb' substituted by `hsb' on input line 1367.
Package xcolor Info: Model `tHsb' substituted by `hsb' on input line 1368.
Package xcolor Info: Model `HSB' substituted by `hsb' on input line 1369.
Package xcolor Info: Model `Gray' substituted by `gray' on input line 1370.
Package xcolor Info: Model `wave' substituted by `hsb' on input line 1371.

(/usr/share/texlive/texmf-dist/tex/latex/graphics/dvipsnam.def
File: dvipsnam.def 2016/06/17 v3.0m Driver-dependent file (DPC,SPQR)
))
(/usr/share/texlive/texmf-dist/tex/latex/psnfss/mathpazo.sty
Package: mathpazo 2005/04/12 PSNFSS-v9.2a Palatino w/ Pazo Math (D.Puga, WaS) 
\symupright=\mathgroup4
)
LaTeX Font Info:    Try loading font information for T1+pplj on input line 208.


(/usr/share/texlive/texmf-dist/tex/latex/psnfss/t1pplj.fd
File: t1pplj.fd 2004/09/06 font definitions for T1/pplj.
)
(/usr/share/texlive/texmf-dist/tex/latex/microtype/microtype.sty
Package: microtype 2018/01/14 v2.7a Micro-typographical refinements (RS)
\MT@toks=\toks15
\MT@count=\count98
LaTeX Info: Redefining \textls on input line 793.
\MT@outer@kern=\dimen107
LaTeX Info: Redefining \textmicrotypecontext on input line 1339.
\MT@listname@count=\count99

(/usr/share/texlive/texmf-dist/tex/latex/microtype/microtype-pdftex.def
File: microtype-pdftex.def 2018/01/14 v2.7a Definitions specific to pdftex (RS)

LaTeX Info: Redefining \lsstyle on input line 913.
LaTeX Info: Redefining \lslig on input line 913.
\MT@outer@space=\skip44
)
Package microtype Info: Loading configuration file microtype.cfg.

(/usr/share/texlive/texmf-dist/tex/latex/microtype/microtype.cfg
File: microtype.cfg 2018/01/14 v2.7a microtype main configuration file (RS)
))
(/usr/share/texlive/texmf-dist/tex/latex/koma-script/typearea.sty
Package: typearea 2017/09/07 v3.24 KOMA-Script package (type area)

(/usr/share/texlive/texmf-dist/tex/latex/koma-script/scrkbase.sty
Package: scrkbase 2017/09/07 v3.24 KOMA-Script package (KOMA-Script-dependent b
asics and keyval usage)

(/usr/share/texlive/texmf-dist/tex/latex/koma-script/scrbase.sty
Package: scrbase 2017/09/07 v3.24 KOMA-Script package (KOMA-Script-independent 
basics and keyval usage)

(/usr/share/texlive/texmf-dist/tex/latex/koma-script/scrlfile.sty
Package: scrlfile 2017/09/07 v3.24 KOMA-Script package (loading files)
)))
\ta@bcor=\skip45
\ta@div=\count100
Package typearea Info: You've used standard option `a4paper'.
(typearea)             This is correct!
(typearea)             Internally I'm using `paper=a4'.
(typearea)             If you'd like to set the option with \KOMAoptions,
(typearea)             you'd have to use `paper=a4' there
(typearea)             instead of `a4paper', too.
\ta@hblk=\skip46
\ta@vblk=\skip47
\ta@temp=\skip48
\footheight=\skip49
LaTeX Font Info:    Try loading font information for OT1+pplj on input line 168
6.

(/usr/share/texlive/texmf-dist/tex/latex/psnfss/ot1pplj.fd
File: ot1pplj.fd 2004/09/06 font definitions for OT1/pplj.
)
Package typearea Info: These are the values describing the layout:
(typearea)             DIV  = 8
(typearea)             BCOR = 0.0pt
(typearea)             \paperwidth      = 597.50793pt
(typearea)              \textwidth      = 373.44246pt
(typearea)              DIV departure   = 0%
(typearea)              \evensidemargin = 39.76274pt
(typearea)              \oddsidemargin  = 39.76274pt
(typearea)             \paperheight     = 845.04694pt
(typearea)              \textheight     = 451.00128pt
(typearea)              \topmargin      = 33.36087pt
(typearea)              \headheight     = 15.75005pt
(typearea)              \headsep        = 18.90005pt
(typearea)              \topskip        = 10.0pt
(typearea)              \footskip       = 44.10013pt
(typearea)              \baselineskip   = 12.60004pt
(typearea)              on input line 1686.
)
Package classicthesis Info: A4 paper, Palatino or other on input line 276.
Package typearea Info: These are the values describing the layout:
(typearea)             DIV  = areaset
(typearea)             BCOR = 0.0pt
(typearea)             \paperwidth      = 597.50793pt
(typearea)              \textwidth      = 336.0pt
(typearea)              \evensidemargin = 58.48398pt
(typearea)              \oddsidemargin  = 58.48398pt
(typearea)             \paperheight     = 845.04694pt
(typearea)              \textheight     = 671.99982pt
(typearea)              \topmargin      = -40.58768pt
(typearea)              \headheight     = 15.0pt
(typearea)              \headsep        = 18.90005pt
(typearea)              \topskip        = 10.0pt
(typearea)              \footskip       = 44.10013pt
(typearea)              \baselineskip   = 12.60004pt
(typearea)              on input line 276.

(/usr/share/texlive/texmf-dist/tex/latex/booktabs/booktabs.sty
Package: booktabs 2016/04/27 v1.618033 publication quality tables
\heavyrulewidth=\dimen108
\lightrulewidth=\dimen109
\cmidrulewidth=\dimen110
\belowrulesep=\dimen111
\belowbottomsep=\dimen112
\aboverulesep=\dimen113
\abovetopsep=\dimen114
\cmidrulesep=\dimen115
\cmidrulekern=\dimen116
\defaultaddspace=\dimen117
\@cmidla=\count101
\@cmidlb=\count102
\@aboverulesep=\dimen118
\@belowrulesep=\dimen119
\@thisruleclass=\count103
\@lastruleclass=\count104
\@thisrulewidth=\dimen120
)
(/usr/share/texlive/texmf-dist/tex/latex/textcase/textcase.sty
Package: textcase 2004/10/07 v0.07 Text only upper/lower case changing (DPC)
)
Package classicthesis Info: Using pdftex/microtype for character spacing.Make s
ure your pdftex is version 1.40 or higher. on input line 364.

(/usr/share/texlive/texmf-dist/tex/latex/koma-script/scrlayer-scrpage.sty
Package: scrlayer-scrpage 2017/09/07 v3.24 KOMA-Script package (end user interf
ace for scrlayer)

(/usr/share/texlive/texmf-dist/tex/latex/koma-script/scrlayer.sty
Package: scrlayer 2017/09/07 v3.24 KOMA-Script package (defining layers and pag
e styles)
Package scrlayer Info: Using already defined \footheight
(scrlayer)             hoping, that this is a length and
(scrlayer)             not only a macro on input line 109.
Package scrlayer Info: patching LaTeX kernel macro \pagestyle on input line 199
7.
))
Package scrlayer-scrpage Info: auto-selection of `pagestyleset=standard'.

1: subsection
1: section
1: section
1: subsection
(/usr/share/texlive/texmf-dist/tex/latex/titlesec/titlesec.sty
Package: titlesec 2016/03/21 v2.10.2 Sectioning titles
\ttl@box=\box26
\beforetitleunit=\skip50
\aftertitleunit=\skip51
\ttl@plus=\dimen121
\ttl@minus=\dimen122
\ttl@toksa=\toks16
\titlewidth=\dimen123
\titlewidthlast=\dimen124
\titlewidthfirst=\dimen125
)
(/usr/share/texlive/texmf-dist/tex/latex/tocloft/tocloft.sty
Package: tocloft 2017/08/31 v2.3i parameterised ToC, etc., typesetting
Package tocloft Info: The document has section divisions on input line 51.
\cftparskip=\skip52
\cftbeforetoctitleskip=\skip53
\cftaftertoctitleskip=\skip54
\cftbeforepartskip=\skip55
\cftpartnumwidth=\skip56
\cftpartindent=\skip57
\cftbeforesecskip=\skip58
\cftsecindent=\skip59
\cftsecnumwidth=\skip60
\cftbeforesubsecskip=\skip61
\cftsubsecindent=\skip62
\cftsubsecnumwidth=\skip63
\cftbeforesubsubsecskip=\skip64
\cftsubsubsecindent=\skip65
\cftsubsubsecnumwidth=\skip66
\cftbeforeparaskip=\skip67
\cftparaindent=\skip68
\cftparanumwidth=\skip69
\cftbeforesubparaskip=\skip70
\cftsubparaindent=\skip71
\cftsubparanumwidth=\skip72
\cftbeforeloftitleskip=\skip73
\cftafterloftitleskip=\skip74
\cftbeforefigskip=\skip75
\cftfigindent=\skip76
\cftfignumwidth=\skip77
\c@lofdepth=\count105
\c@lotdepth=\count106
\cftbeforelottitleskip=\skip78
\cftafterlottitleskip=\skip79
\cftbeforetabskip=\skip80
\cfttabindent=\skip81
\cfttabnumwidth=\skip82
)
\newnumberwidth=\skip83
\beforebibskip=\skip84
\newchnumberwidth=\skip85
\figurelabelwidth=\skip86
\tablelabelwidth=\skip87

(/usr/share/texlive/texmf-dist/tex/latex/footmisc/footmisc.sty
Package: footmisc 2011/06/06 v5.5b a miscellany of footnote facilities
\FN@temptoken=\toks17
\footnotemargin=\dimen126
\c@pp@next@reset=\count107
Package footmisc Info: Declaring symbol style bringhurst on input line 855.
Package footmisc Info: Declaring symbol style chicago on input line 863.
Package footmisc Info: Declaring symbol style wiley on input line 872.
Package footmisc Info: Declaring symbol style lamport-robust on input line 883.

Package footmisc Info: Declaring symbol style lamport* on input line 903.
Package footmisc Info: Declaring symbol style lamport*-robust on input line 924
.
)

Package classicthesis Warning: Using package "footmisc" with option "flushmargi
n" for footnote setup (not 100\% the same as with KOMA).

(/usr/share/texlive/texmf-dist/tex/latex/koma-script/scrtime.sty
Package: scrtime 2017/09/07 v3.24 KOMA-Script package (time of LaTeX run)
)
(/usr/share/texlive/texmf-dist/tex/latex/carlisle/remreset.sty))
(/usr/share/texlive/texmf-dist/tex/latex/polski/polski.sty
Package: polski 2017/05/04 v1.3.4 Polish language package

   Switching to Polish text encoding and Polish maths fonts.
(/usr/share/texlive/texmf-dist/tex/latex/base/ot4enc.def
File: ot4enc.def 2017/04/05 v2.0i Standard LaTeX file
)
LaTeX Font Info:    Try loading font information for OT4+cmr on input line 360.


(/usr/share/texlive/texmf-dist/tex/latex/polski/ot4cmr.fd
File: ot4cmr.fd 2008/02/24 v1.2.1 Font defs for fonts PL (MW)
)
LaTeX Font Info:    Overwriting math alphabet `\mathbf' in version `normal'
(Font)                  OT1/zplm/b/n --> OT4/cmr/bx/n on input line 360.
LaTeX Font Info:    Overwriting math alphabet `\mathsf' in version `normal'
(Font)                  OT1/cmss/m/n --> OT4/cmss/m/n on input line 360.
LaTeX Font Info:    Overwriting math alphabet `\mathit' in version `normal'
(Font)                  OT1/pplx/m/it --> OT4/cmr/m/it on input line 360.
LaTeX Font Info:    Overwriting math alphabet `\mathtt' in version `normal'
(Font)                  OT1/cmtt/m/n --> OT4/cmtt/m/n on input line 360.
LaTeX Font Info:    Overwriting math alphabet `\mathsf' in version `bold'
(Font)                  OT1/cmss/bx/n --> OT4/cmss/bx/n on input line 360.
LaTeX Font Info:    Overwriting math alphabet `\mathit' in version `bold'
(Font)                  OT1/pplx/b/it --> OT4/cmr/bx/it on input line 360.
LaTeX Font Info:    Encoding `OT1' has changed to `OT4' for symbol font
(Font)              `operators' in the math version `normal' on input line 360.

LaTeX Font Info:    Overwriting symbol font `operators' in version `normal'
(Font)                  OT1/pplx/m/n --> OT4/cmr/m/n on input line 360.
LaTeX Font Info:    Overwriting symbol font `letters' in version `normal'
(Font)                  OML/zplm/m/it --> OML/plm/m/it on input line 360.
LaTeX Font Info:    Overwriting symbol font `symbols' in version `normal'
(Font)                  OMS/zplm/m/n --> OMS/plsy/m/n on input line 360.
LaTeX Font Info:    Overwriting symbol font `largesymbols' in version `normal'
(Font)                  OMX/zplm/m/n --> OMX/plex/m/n on input line 360.
LaTeX Font Info:    Encoding `OT1' has changed to `OT4' for symbol font
(Font)              `operators' in the math version `bold' on input line 360.
LaTeX Font Info:    Overwriting symbol font `operators' in version `bold'
(Font)                  OT1/pplx/b/n --> OT4/cmr/bx/n on input line 360.
LaTeX Font Info:    Overwriting symbol font `letters' in version `bold'
(Font)                  OML/zplm/b/it --> OML/plm/b/it on input line 360.
LaTeX Font Info:    Overwriting symbol font `symbols' in version `bold'
(Font)                  OMS/zplm/b/n --> OMS/plsy/b/n on input line 360.
)
(/usr/share/texlive/texmf-dist/tex/latex/base/inputenc.sty
Package: inputenc 2015/03/17 v1.2c Input encoding file
\inpenc@prehook=\toks18
\inpenc@posthook=\toks19

(/usr/share/texlive/texmf-dist/tex/latex/base/utf8.def
File: utf8.def 2017/01/28 v1.1t UTF-8 support for inputenc
Now handling font encoding OML ...
... no UTF-8 mapping file for font encoding OML
Now handling font encoding T1 ...
... processing UTF-8 mapping file for font encoding T1

(/usr/share/texlive/texmf-dist/tex/latex/base/t1enc.dfu
File: t1enc.dfu 2017/01/28 v1.1t UTF-8 support for inputenc
   defining Unicode char U+00A0 (decimal 160)
   defining Unicode char U+00A1 (decimal 161)
   defining Unicode char U+00A3 (decimal 163)
   defining Unicode char U+00AB (decimal 171)
   defining Unicode char U+00AD (decimal 173)
   defining Unicode char U+00BB (decimal 187)
   defining Unicode char U+00BF (decimal 191)
   defining Unicode char U+00C0 (decimal 192)
   defining Unicode char U+00C1 (decimal 193)
   defining Unicode char U+00C2 (decimal 194)
   defining Unicode char U+00C3 (decimal 195)
   defining Unicode char U+00C4 (decimal 196)
   defining Unicode char U+00C5 (decimal 197)
   defining Unicode char U+00C6 (decimal 198)
   defining Unicode char U+00C7 (decimal 199)
   defining Unicode char U+00C8 (decimal 200)
   defining Unicode char U+00C9 (decimal 201)
   defining Unicode char U+00CA (decimal 202)
   defining Unicode char U+00CB (decimal 203)
   defining Unicode char U+00CC (decimal 204)
   defining Unicode char U+00CD (decimal 205)
   defining Unicode char U+00CE (decimal 206)
   defining Unicode char U+00CF (decimal 207)
   defining Unicode char U+00D0 (decimal 208)
   defining Unicode char U+00D1 (decimal 209)
   defining Unicode char U+00D2 (decimal 210)
   defining Unicode char U+00D3 (decimal 211)
   defining Unicode char U+00D4 (decimal 212)
   defining Unicode char U+00D5 (decimal 213)
   defining Unicode char U+00D6 (decimal 214)
   defining Unicode char U+00D8 (decimal 216)
   defining Unicode char U+00D9 (decimal 217)
   defining Unicode char U+00DA (decimal 218)
   defining Unicode char U+00DB (decimal 219)
   defining Unicode char U+00DC (decimal 220)
   defining Unicode char U+00DD (decimal 221)
   defining Unicode char U+00DE (decimal 222)
   defining Unicode char U+00DF (decimal 223)
   defining Unicode char U+00E0 (decimal 224)
   defining Unicode char U+00E1 (decimal 225)
   defining Unicode char U+00E2 (decimal 226)
   defining Unicode char U+00E3 (decimal 227)
   defining Unicode char U+00E4 (decimal 228)
   defining Unicode char U+00E5 (decimal 229)
   defining Unicode char U+00E6 (decimal 230)
   defining Unicode char U+00E7 (decimal 231)
   defining Unicode char U+00E8 (decimal 232)
   defining Unicode char U+00E9 (decimal 233)
   defining Unicode char U+00EA (decimal 234)
   defining Unicode char U+00EB (decimal 235)
   defining Unicode char U+00EC (decimal 236)
   defining Unicode char U+00ED (decimal 237)
   defining Unicode char U+00EE (decimal 238)
   defining Unicode char U+00EF (decimal 239)
   defining Unicode char U+00F0 (decimal 240)
   defining Unicode char U+00F1 (decimal 241)
   defining Unicode char U+00F2 (decimal 242)
   defining Unicode char U+00F3 (decimal 243)
   defining Unicode char U+00F4 (decimal 244)
   defining Unicode char U+00F5 (decimal 245)
   defining Unicode char U+00F6 (decimal 246)
   defining Unicode char U+00F8 (decimal 248)
   defining Unicode char U+00F9 (decimal 249)
   defining Unicode char U+00FA (decimal 250)
   defining Unicode char U+00FB (decimal 251)
   defining Unicode char U+00FC (decimal 252)
   defining Unicode char U+00FD (decimal 253)
   defining Unicode char U+00FE (decimal 254)
   defining Unicode char U+00FF (decimal 255)
   defining Unicode char U+0100 (decimal 256)
   defining Unicode char U+0101 (decimal 257)
   defining Unicode char U+0102 (decimal 258)
   defining Unicode char U+0103 (decimal 259)
   defining Unicode char U+0104 (decimal 260)
   defining Unicode char U+0105 (decimal 261)
   defining Unicode char U+0106 (decimal 262)
   defining Unicode char U+0107 (decimal 263)
   defining Unicode char U+0108 (decimal 264)
   defining Unicode char U+0109 (decimal 265)
   defining Unicode char U+010A (decimal 266)
   defining Unicode char U+010B (decimal 267)
   defining Unicode char U+010C (decimal 268)
   defining Unicode char U+010D (decimal 269)
   defining Unicode char U+010E (decimal 270)
   defining Unicode char U+010F (decimal 271)
   defining Unicode char U+0110 (decimal 272)
   defining Unicode char U+0111 (decimal 273)
   defining Unicode char U+0112 (decimal 274)
   defining Unicode char U+0113 (decimal 275)
   defining Unicode char U+0114 (decimal 276)
   defining Unicode char U+0115 (decimal 277)
   defining Unicode char U+0116 (decimal 278)
   defining Unicode char U+0117 (decimal 279)
   defining Unicode char U+0118 (decimal 280)
   defining Unicode char U+0119 (decimal 281)
   defining Unicode char U+011A (decimal 282)
   defining Unicode char U+011B (decimal 283)
   defining Unicode char U+011C (decimal 284)
   defining Unicode char U+011D (decimal 285)
   defining Unicode char U+011E (decimal 286)
   defining Unicode char U+011F (decimal 287)
   defining Unicode char U+0120 (decimal 288)
   defining Unicode char U+0121 (decimal 289)
   defining Unicode char U+0122 (decimal 290)
   defining Unicode char U+0123 (decimal 291)
   defining Unicode char U+0124 (decimal 292)
   defining Unicode char U+0125 (decimal 293)
   defining Unicode char U+0128 (decimal 296)
   defining Unicode char U+0129 (decimal 297)
   defining Unicode char U+012A (decimal 298)
   defining Unicode char U+012B (decimal 299)
   defining Unicode char U+012C (decimal 300)
   defining Unicode char U+012D (decimal 301)
   defining Unicode char U+012E (decimal 302)
   defining Unicode char U+012F (decimal 303)
   defining Unicode char U+0130 (decimal 304)
   defining Unicode char U+0131 (decimal 305)
   defining Unicode char U+0132 (decimal 306)
   defining Unicode char U+0133 (decimal 307)
   defining Unicode char U+0134 (decimal 308)
   defining Unicode char U+0135 (decimal 309)
   defining Unicode char U+0136 (decimal 310)
   defining Unicode char U+0137 (decimal 311)
   defining Unicode char U+0139 (decimal 313)
   defining Unicode char U+013A (decimal 314)
   defining Unicode char U+013B (decimal 315)
   defining Unicode char U+013C (decimal 316)
   defining Unicode char U+013D (decimal 317)
   defining Unicode char U+013E (decimal 318)
   defining Unicode char U+0141 (decimal 321)
   defining Unicode char U+0142 (decimal 322)
   defining Unicode char U+0143 (decimal 323)
   defining Unicode char U+0144 (decimal 324)
   defining Unicode char U+0145 (decimal 325)
   defining Unicode char U+0146 (decimal 326)
   defining Unicode char U+0147 (decimal 327)
   defining Unicode char U+0148 (decimal 328)
   defining Unicode char U+014A (decimal 330)
   defining Unicode char U+014B (decimal 331)
   defining Unicode char U+014C (decimal 332)
   defining Unicode char U+014D (decimal 333)
   defining Unicode char U+014E (decimal 334)
   defining Unicode char U+014F (decimal 335)
   defining Unicode char U+0150 (decimal 336)
   defining Unicode char U+0151 (decimal 337)
   defining Unicode char U+0152 (decimal 338)
   defining Unicode char U+0153 (decimal 339)
   defining Unicode char U+0154 (decimal 340)
   defining Unicode char U+0155 (decimal 341)
   defining Unicode char U+0156 (decimal 342)
   defining Unicode char U+0157 (decimal 343)
   defining Unicode char U+0158 (decimal 344)
   defining Unicode char U+0159 (decimal 345)
   defining Unicode char U+015A (decimal 346)
   defining Unicode char U+015B (decimal 347)
   defining Unicode char U+015C (decimal 348)
   defining Unicode char U+015D (decimal 349)
   defining Unicode char U+015E (decimal 350)
   defining Unicode char U+015F (decimal 351)
   defining Unicode char U+0160 (decimal 352)
   defining Unicode char U+0161 (decimal 353)
   defining Unicode char U+0162 (decimal 354)
   defining Unicode char U+0163 (decimal 355)
   defining Unicode char U+0164 (decimal 356)
   defining Unicode char U+0165 (decimal 357)
   defining Unicode char U+0168 (decimal 360)
   defining Unicode char U+0169 (decimal 361)
   defining Unicode char U+016A (decimal 362)
   defining Unicode char U+016B (decimal 363)
   defining Unicode char U+016C (decimal 364)
   defining Unicode char U+016D (decimal 365)
   defining Unicode char U+016E (decimal 366)
   defining Unicode char U+016F (decimal 367)
   defining Unicode char U+0170 (decimal 368)
   defining Unicode char U+0171 (decimal 369)
   defining Unicode char U+0172 (decimal 370)
   defining Unicode char U+0173 (decimal 371)
   defining Unicode char U+0174 (decimal 372)
   defining Unicode char U+0175 (decimal 373)
   defining Unicode char U+0176 (decimal 374)
   defining Unicode char U+0177 (decimal 375)
   defining Unicode char U+0178 (decimal 376)
   defining Unicode char U+0179 (decimal 377)
   defining Unicode char U+017A (decimal 378)
   defining Unicode char U+017B (decimal 379)
   defining Unicode char U+017C (decimal 380)
   defining Unicode char U+017D (decimal 381)
   defining Unicode char U+017E (decimal 382)
   defining Unicode char U+01CD (decimal 461)
   defining Unicode char U+01CE (decimal 462)
   defining Unicode char U+01CF (decimal 463)
   defining Unicode char U+01D0 (decimal 464)
   defining Unicode char U+01D1 (decimal 465)
   defining Unicode char U+01D2 (decimal 466)
   defining Unicode char U+01D3 (decimal 467)
   defining Unicode char U+01D4 (decimal 468)
   defining Unicode char U+01E2 (decimal 482)
   defining Unicode char U+01E3 (decimal 483)
   defining Unicode char U+01E6 (decimal 486)
   defining Unicode char U+01E7 (decimal 487)
   defining Unicode char U+01E8 (decimal 488)
   defining Unicode char U+01E9 (decimal 489)
   defining Unicode char U+01EA (decimal 490)
   defining Unicode char U+01EB (decimal 491)
   defining Unicode char U+01F0 (decimal 496)
   defining Unicode char U+01F4 (decimal 500)
   defining Unicode char U+01F5 (decimal 501)
   defining Unicode char U+0218 (decimal 536)
   defining Unicode char U+0219 (decimal 537)
   defining Unicode char U+021A (decimal 538)
   defining Unicode char U+021B (decimal 539)
   defining Unicode char U+0232 (decimal 562)
   defining Unicode char U+0233 (decimal 563)
   defining Unicode char U+1E02 (decimal 7682)
   defining Unicode char U+1E03 (decimal 7683)
   defining Unicode char U+200C (decimal 8204)
   defining Unicode char U+2010 (decimal 8208)
   defining Unicode char U+2011 (decimal 8209)
   defining Unicode char U+2012 (decimal 8210)
   defining Unicode char U+2013 (decimal 8211)
   defining Unicode char U+2014 (decimal 8212)
   defining Unicode char U+2015 (decimal 8213)
   defining Unicode char U+2018 (decimal 8216)
   defining Unicode char U+2019 (decimal 8217)
   defining Unicode char U+201A (decimal 8218)
   defining Unicode char U+201C (decimal 8220)
   defining Unicode char U+201D (decimal 8221)
   defining Unicode char U+201E (decimal 8222)
   defining Unicode char U+2030 (decimal 8240)
   defining Unicode char U+2031 (decimal 8241)
   defining Unicode char U+2039 (decimal 8249)
   defining Unicode char U+203A (decimal 8250)
   defining Unicode char U+2423 (decimal 9251)
   defining Unicode char U+1E20 (decimal 7712)
   defining Unicode char U+1E21 (decimal 7713)
)
Now handling font encoding OT1 ...
... processing UTF-8 mapping file for font encoding OT1

(/usr/share/texlive/texmf-dist/tex/latex/base/ot1enc.dfu
File: ot1enc.dfu 2017/01/28 v1.1t UTF-8 support for inputenc
   defining Unicode char U+00A0 (decimal 160)
   defining Unicode char U+00A1 (decimal 161)
   defining Unicode char U+00A3 (decimal 163)
   defining Unicode char U+00AD (decimal 173)
   defining Unicode char U+00B8 (decimal 184)
   defining Unicode char U+00BF (decimal 191)
   defining Unicode char U+00C5 (decimal 197)
   defining Unicode char U+00C6 (decimal 198)
   defining Unicode char U+00D8 (decimal 216)
   defining Unicode char U+00DF (decimal 223)
   defining Unicode char U+00E6 (decimal 230)
   defining Unicode char U+00EC (decimal 236)
   defining Unicode char U+00ED (decimal 237)
   defining Unicode char U+00EE (decimal 238)
   defining Unicode char U+00EF (decimal 239)
   defining Unicode char U+00F8 (decimal 248)
   defining Unicode char U+0131 (decimal 305)
   defining Unicode char U+0141 (decimal 321)
   defining Unicode char U+0142 (decimal 322)
   defining Unicode char U+0152 (decimal 338)
   defining Unicode char U+0153 (decimal 339)
   defining Unicode char U+0174 (decimal 372)
   defining Unicode char U+0175 (decimal 373)
   defining Unicode char U+0176 (decimal 374)
   defining Unicode char U+0177 (decimal 375)
   defining Unicode char U+0218 (decimal 536)
   defining Unicode char U+0219 (decimal 537)
   defining Unicode char U+021A (decimal 538)
   defining Unicode char U+021B (decimal 539)
   defining Unicode char U+2013 (decimal 8211)
   defining Unicode char U+2014 (decimal 8212)
   defining Unicode char U+2018 (decimal 8216)
   defining Unicode char U+2019 (decimal 8217)
   defining Unicode char U+201C (decimal 8220)
   defining Unicode char U+201D (decimal 8221)
)
Now handling font encoding OMS ...
... processing UTF-8 mapping file for font encoding OMS

(/usr/share/texlive/texmf-dist/tex/latex/base/omsenc.dfu
File: omsenc.dfu 2017/01/28 v1.1t UTF-8 support for inputenc
   defining Unicode char U+00A7 (decimal 167)
   defining Unicode char U+00B6 (decimal 182)
   defining Unicode char U+00B7 (decimal 183)
   defining Unicode char U+2020 (decimal 8224)
   defining Unicode char U+2021 (decimal 8225)
   defining Unicode char U+2022 (decimal 8226)
)
Now handling font encoding OMX ...
... no UTF-8 mapping file for font encoding OMX
Now handling font encoding U ...
... no UTF-8 mapping file for font encoding U
Now handling font encoding PD1 ...
... no UTF-8 mapping file for font encoding PD1
Now handling font encoding OT4 ...
... no UTF-8 mapping file for font encoding OT4
   defining Unicode char U+00A9 (decimal 169)
   defining Unicode char U+00AA (decimal 170)
   defining Unicode char U+00AE (decimal 174)
   defining Unicode char U+00BA (decimal 186)
   defining Unicode char U+02C6 (decimal 710)
   defining Unicode char U+02DC (decimal 732)
   defining Unicode char U+200C (decimal 8204)
   defining Unicode char U+2026 (decimal 8230)
   defining Unicode char U+2122 (decimal 8482)
   defining Unicode char U+2423 (decimal 9251)
))
(/usr/share/texlive/texmf-dist/tex/latex/tools/enumerate.sty
Package: enumerate 2015/07/23 v3.00 enumerate extensions (DPC)
\@enLab=\toks20
)
(/usr/share/texlive/texmf-dist/tex/latex/float/float.sty
Package: float 2001/11/08 v1.3d Float enhancements (AL)
\c@float@type=\count108
\float@exts=\toks21
\float@box=\box27
\@float@everytoks=\toks22
\@floatcapt=\box28
)
(/usr/share/texlive/texmf-dist/tex/latex/caption/subcaption.sty
Package: subcaption 2016/05/22 v1.1-161 Sub-captions (AR)

(/usr/share/texlive/texmf-dist/tex/latex/caption/caption.sty
Package: caption 2016/02/21 v3.3-144 Customizing captions (AR)

(/usr/share/texlive/texmf-dist/tex/latex/caption/caption3.sty
Package: caption3 2016/05/22 v1.7-166 caption3 kernel (AR)
Package caption3 Info: TeX engine: e-TeX on input line 67.
\captionmargin=\dimen127
\captionmargin@=\dimen128
\captionwidth=\dimen129
\caption@tempdima=\dimen130
\caption@indent=\dimen131
\caption@parindent=\dimen132
\caption@hangindent=\dimen133
)
\c@ContinuedFloat=\count109
Package caption Info: float package is loaded.
Package caption Info: hyperref package is loaded.
)
\c@subfigure=\count110
\c@subtable=\count111
)
(/usr/share/texlive/texmf-dist/tex/latex/graphics/graphicx.sty
Package: graphicx 2017/06/01 v1.1a Enhanced LaTeX Graphics (DPC,SPQR)

(/usr/share/texlive/texmf-dist/tex/latex/graphics/graphics.sty
Package: graphics 2017/06/25 v1.2c Standard LaTeX Graphics (DPC,SPQR)

(/usr/share/texlive/texmf-dist/tex/latex/graphics/trig.sty
Package: trig 2016/01/03 v1.10 sin cos tan (DPC)
)
(/usr/share/texlive/texmf-dist/tex/latex/graphics-cfg/graphics.cfg
File: graphics.cfg 2016/06/04 v1.11 sample graphics configuration
)
Package graphics Info: Driver file: pdftex.def on input line 99.
)
\Gin@req@height=\dimen134
\Gin@req@width=\dimen135
)
(/usr/share/texlive/texmf-dist/tex/latex/amsmath/amsmath.sty
Package: amsmath 2017/09/02 v2.17a AMS math features
\@mathmargin=\skip88

For additional information on amsmath, use the `?' option.
(/usr/share/texlive/texmf-dist/tex/latex/amsmath/amstext.sty
Package: amstext 2000/06/29 v2.01 AMS text

(/usr/share/texlive/texmf-dist/tex/latex/amsmath/amsgen.sty
File: amsgen.sty 1999/11/30 v2.0 generic functions
\@emptytoks=\toks23
\ex@=\dimen136
))
(/usr/share/texlive/texmf-dist/tex/latex/amsmath/amsbsy.sty
Package: amsbsy 1999/11/29 v1.2d Bold Symbols
\pmbraise@=\dimen137
)
(/usr/share/texlive/texmf-dist/tex/latex/amsmath/amsopn.sty
Package: amsopn 2016/03/08 v2.02 operator names
)
\inf@bad=\count112
LaTeX Info: Redefining \frac on input line 213.
\uproot@=\count113
\leftroot@=\count114
LaTeX Info: Redefining \overline on input line 375.
\classnum@=\count115
\DOTSCASE@=\count116
LaTeX Info: Redefining \ldots on input line 472.
LaTeX Info: Redefining \dots on input line 475.
LaTeX Info: Redefining \cdots on input line 596.
\Mathstrutbox@=\box29
\strutbox@=\box30
\big@size=\dimen138
LaTeX Font Info:    Redeclaring font encoding OML on input line 712.
LaTeX Font Info:    Redeclaring font encoding OMS on input line 713.
\macc@depth=\count117
\c@MaxMatrixCols=\count118
\dotsspace@=\muskip11
\c@parentequation=\count119
\dspbrk@lvl=\count120
\tag@help=\toks24
\row@=\count121
\column@=\count122
\maxfields@=\count123
\andhelp@=\toks25
\eqnshift@=\dimen139
\alignsep@=\dimen140
\tagshift@=\dimen141
\tagwidth@=\dimen142
\totwidth@=\dimen143
\lineht@=\dimen144
\@envbody=\toks26
\multlinegap=\skip89
\multlinetaggap=\skip90
\mathdisplay@stack=\toks27
LaTeX Info: Redefining \[ on input line 2817.
LaTeX Info: Redefining \] on input line 2818.
)
(/usr/share/texlive/texmf-dist/tex/latex/base/fontenc.sty
Package: fontenc 2017/04/05 v2.0i Standard LaTeX package

(/usr/share/texlive/texmf-dist/tex/latex/base/t1enc.def
File: t1enc.def 2017/04/05 v2.0i Standard LaTeX file
LaTeX Font Info:    Redeclaring font encoding T1 on input line 48.
))
(./opracowanieZagadnien.aux

LaTeX Warning: Label `maxwell' multiply defined.

)
\openout1 = `opracowanieZagadnien.aux'.

LaTeX Font Info:    Checking defaults for OML/cmm/m/it on input line 15.
LaTeX Font Info:    ... okay on input line 15.
LaTeX Font Info:    Checking defaults for T1/cmr/m/n on input line 15.
LaTeX Font Info:    ... okay on input line 15.
LaTeX Font Info:    Checking defaults for OT1/cmr/m/n on input line 15.
LaTeX Font Info:    ... okay on input line 15.
LaTeX Font Info:    Checking defaults for OMS/cmsy/m/n on input line 15.
LaTeX Font Info:    ... okay on input line 15.
LaTeX Font Info:    Checking defaults for OMX/cmex/m/n on input line 15.
LaTeX Font Info:    ... okay on input line 15.
LaTeX Font Info:    Checking defaults for U/cmr/m/n on input line 15.
LaTeX Font Info:    ... okay on input line 15.
LaTeX Font Info:    Checking defaults for PD1/pdf/m/n on input line 15.
LaTeX Font Info:    ... okay on input line 15.
LaTeX Font Info:    Checking defaults for OT4/cmr/m/n on input line 15.
LaTeX Font Info:    ... okay on input line 15.
\AtBeginShipoutBox=\box31
Package hyperref Info: Link coloring OFF on input line 15.
 (/usr/share/texlive/texmf-dist/tex/latex/hyperref/nameref.sty
Package: nameref 2016/05/21 v2.44 Cross-referencing by name of section

(/usr/share/texlive/texmf-dist/tex/generic/oberdiek/gettitlestring.sty
Package: gettitlestring 2016/05/16 v1.5 Cleanup title references (HO)
)
\c@section@level=\count124
)
LaTeX Info: Redefining \ref on input line 15.
LaTeX Info: Redefining \pageref on input line 15.
LaTeX Info: Redefining \nameref on input line 15.

(./opracowanieZagadnien.out) (./opracowanieZagadnien.out)
\@outlinefile=\write3
\openout3 = `opracowanieZagadnien.out'.


(/usr/share/texlive/texmf-dist/tex/context/base/mkii/supp-pdf.mkii
[Loading MPS to PDF converter (version 2006.09.02).]
\scratchcounter=\count125
\scratchdimen=\dimen145
\scratchbox=\box32
\nofMPsegments=\count126
\nofMParguments=\count127
\everyMPshowfont=\toks28
\MPscratchCnt=\count128
\MPscratchDim=\dimen146
\MPnumerator=\count129
\makeMPintoPDFobject=\count130
\everyMPtoPDFconversion=\toks29
) (/usr/share/texlive/texmf-dist/tex/latex/oberdiek/epstopdf-base.sty
Package: epstopdf-base 2016/05/15 v2.6 Base part for package epstopdf

(/usr/share/texlive/texmf-dist/tex/latex/oberdiek/grfext.sty
Package: grfext 2016/05/16 v1.2 Manage graphics extensions (HO)
)
Package epstopdf-base Info: Redefining graphics rule for `.eps' on input line 4
38.
Package grfext Info: Graphics extension search list:
(grfext)             [.pdf,.png,.jpg,.mps,.jpeg,.jbig2,.jb2,.PDF,.PNG,.JPG,.JPE
G,.JBIG2,.JB2,.eps]
(grfext)             \AppendGraphicsExtensions on input line 456.

(/usr/share/texlive/texmf-dist/tex/latex/latexconfig/epstopdf-sys.cfg
File: epstopdf-sys.cfg 2010/07/13 v1.3 Configuration of (r)epstopdf for TeX Liv
e
))
LaTeX Info: Redefining \microtypecontext on input line 15.
Package microtype Info: Generating PDF output.
Package microtype Info: Character protrusion enabled (level 2).
Package microtype Info: Using default protrusion set `alltext'.
Package microtype Info: No font expansion.
Package microtype Info: No adjustment of tracking.
Package microtype Info: No adjustment of interword spacing.
Package microtype Info: No adjustment of character kerning.

(/usr/share/texlive/texmf-dist/tex/latex/microtype/mt-ppl.cfg
File: mt-ppl.cfg 2005/11/16 v1.6 microtype config. file: Palatino (RS)
)
Package caption Info: Begin \AtBeginDocument code.
Package caption Info: End \AtBeginDocument code.

(/usr/share/texlive/texmf-dist/tex/latex/microtype/mt-cmr.cfg
File: mt-cmr.cfg 2013/05/19 v2.2 microtype config. file: Computer Modern Roman 
(RS)
)
LaTeX Font Info:    Try loading font information for OML+plm on input line 21.

(/usr/share/texlive/texmf-dist/tex/latex/polski/omlplm.fd
File: omlplm.fd 2008/02/24 v1.2.1 Font defs for fonts PL (MW)
)
LaTeX Font Info:    Try loading font information for OMS+plsy on input line 21.


(/usr/share/texlive/texmf-dist/tex/latex/polski/omsplsy.fd
File: omsplsy.fd 2008/02/24 v1.2.1 Font defs for fonts PL (MW)
)
LaTeX Font Info:    Try loading font information for OMX+plex on input line 21.


(/usr/share/texlive/texmf-dist/tex/latex/polski/omxplex.fd
File: omxplex.fd 2008/02/24 v1.2.1 Font defs for fonts PL (MW)
)
LaTeX Font Info:    External font `plex10' loaded for size
(Font)              <17.28> on input line 21.
LaTeX Font Info:    External font `plex10' loaded for size
(Font)              <12> on input line 21.
LaTeX Font Info:    External font `plex10' loaded for size
(Font)              <10> on input line 21.
LaTeX Font Info:    Try loading font information for OT1+zplm on input line 21.


(/usr/share/texlive/texmf-dist/tex/latex/psnfss/ot1zplm.fd
File: ot1zplm.fd 2002/09/08 Fontinst v1.914 font definitions for OT1/zplm.
)
Package microtype Info: Loading generic protrusion settings for font family
(microtype)             `zplm' (encoding: OT1).
(microtype)             For optimal results, create family-specific settings.
(microtype)             See the microtype manual for details.
LaTeX Font Info:    External font `plex10' loaded for size
(Font)              <9> on input line 21.
LaTeX Font Info:    External font `plex10' loaded for size
(Font)              <7> on input line 21.


LaTeX Warning: No \author given.

LaTeX Font Info:    External font `plex10' loaded for size
(Font)              <7.6> on input line 22.
LaTeX Font Info:    External font `plex10' loaded for size
(Font)              <6> on input line 22.
(./opracowanieZagadnien.toc
Package microtype Info: Character `029' is missing
(microtype)             in font `T1/pplj/m/sc/10'.
(microtype)             Ignoring protrusion settings for this character.

Overfull \hbox (1.36003pt too wide) in paragraph at lines 9--9
 [][] [][]\T1/pplj/m/n/10 Entropia w uj¦-ciu ter-mo-dy-na-micz-nym i sta-ty-sty
cz-nym.[] []  
 []


Overfull \hbox (8.85005pt too wide) in paragraph at lines 24--24
 [][] [][]\T1/pplj/m/n/10 Metody ba-da-nia sy-gna-ªów w dzie-dzi-nie cza-su i c
z¦-sto-±ci.[] []  
 []


Overfull \hbox (6.94005pt too wide) in paragraph at lines 25--25
 [][] [][]\T1/pplj/m/n/10 Synchronizacja w nie-li-nio-wych ukªa-dach dy-na-micz
-nych.[] []  
 []


Overfull \hbox (18.05005pt too wide) in paragraph at lines 30--30
 [][] [][]\T1/pplj/m/n/10 Informacja wza-jem-na w prze-twa-rza-niu i trans-mi-s
ji da-nych.[] []  
 []

)
\tf@toc=\write4
\openout4 = `opracowanieZagadnien.toc'.


Overfull \hbox (7.56415pt too wide) in paragraph at lines 24--24
|[]\T1/pplj/m/sc/10/80ls zagadnienia obej-mu-j¡-ce pod-sta-wo-we tre-±ci pro-gr
a-mo-we kie-
 []

(./generalIssues/motion.tex
LaTeX Font Info:    External font `plex10' loaded for size
(Font)              <5> on input line 5.
 [1

{/var/lib/texmf/fonts/map/pdftex/updmap/pdftex.map}]

LaTeX Warning: The counter will not be printed.
             The label is: - on input line 40.

[2]) (./generalIssues/symmetries.tex

LaTeX Warning: The counter will not be printed.
             The label is: - on input line 4.

LaTeX Font Info:    Font shape `T1/pplj/bx/n' in size <10> not available
(Font)              Font shape `T1/pplj/b/n' tried instead on input line 8.

Overfull \hbox (0.73923pt too wide) in paragraph at lines 8--9
[]\T1/pplj/m/n/10 Symetria zwier-cia-dla-na \T1/pplj/b/n/10 P \T1/pplj/m/n/10 z
wi¡-za-na z prze-ksztaª-ce-niem od-bi-cia prze-strzen-
 []


LaTeX Warning: The counter will not be printed.
             The label is: - on input line 18.

) (./generalIssues/oscillators.tex [3]) [4] (./generalIssues/maxwell.tex
<generalIssues/Figures/maxwell1.png, id=224, 211.79124pt x 162.6075pt>
File: generalIssues/Figures/maxwell1.png Graphic file (type png)
<use generalIssues/Figures/maxwell1.png>
Package pdftex.def Info: generalIssues/Figures/maxwell1.png  used on input line
 5.
(pdftex.def)             Requested size: 164.64185pt x 126.41153pt.
<generalIssues/Figures/maxwell2.png, id=226, 178.6675pt x 138.5175pt>
File: generalIssues/Figures/maxwell2.png Graphic file (type png)
<use generalIssues/Figures/maxwell2.png>
Package pdftex.def Info: generalIssues/Figures/maxwell2.png  used on input line
 11.
(pdftex.def)             Requested size: 164.64185pt x 127.65111pt.

Underfull \hbox (badness 10000) in paragraph at lines 19--36

 []


Overfull \hbox (2.08981pt too wide) in paragraph at lines 41--42
[]$[]$ \T1/pplj/m/n/10 - nie ist-nie-j¡ ªa-dun-ki ma-gne-tycz-ne, a stru-
 []

[5 <./generalIssues/Figures/maxwell1.png> <./generalIssues/Figures/maxwell2.png
>]
Underfull \hbox (badness 10000) in paragraph at lines 45--51

 []


Underfull \hbox (badness 10000) in paragraph at lines 52--58

 []

) (./generalIssues/waves.tex [6]

LaTeX Warning: The counter will not be printed.
             The label is: - on input line 17.

[7]) (./generalIssues/interference.tex [8]
Underfull \hbox (badness 10000) in paragraph at lines 22--24

 []

<generalIssues/Figures/diffraction.png, id=261, 803.0pt x 688.5725pt>
File: generalIssues/Figures/diffraction.png Graphic file (type png)
<use generalIssues/Figures/diffraction.png>
Package pdftex.def Info: generalIssues/Figures/diffraction.png  used on input l
ine 31.
(pdftex.def)             Requested size: 199.58713pt x 171.14455pt.
[9]
<generalIssues/Figures/diffraction2.png, id=268, 459.7175pt x 433.62pt>
File: generalIssues/Figures/diffraction2.png Graphic file (type png)
<use generalIssues/Figures/diffraction2.png>
Package pdftex.def Info: generalIssues/Figures/diffraction2.png  used on input 
line 43.
(pdftex.def)             Requested size: 199.58713pt x 188.25926pt.

Underfull \hbox (badness 10000) in paragraph at lines 49--54

 []


Underfull \hbox (badness 10000) in paragraph at lines 55--61

 []

[10 <./generalIssues/Figures/diffraction.png> <./generalIssues/Figures/diffract
ion2.png>]
<generalIssues/Figures/diffraction3.png, id=278, 301.125pt x 287.0725pt>
File: generalIssues/Figures/diffraction3.png Graphic file (type png)
<use generalIssues/Figures/diffraction3.png>
Package pdftex.def Info: generalIssues/Figures/diffraction3.png  used on input 
line 66.
(pdftex.def)             Requested size: 199.58713pt x 190.2788pt.
)
Overfull \hbox (0.33974pt too wide) in paragraph at lines 72--39
\T1/pplj/m/n/10 dzi¦-ki któ-rej ba-da-no struk-tu-r¦ krysz-ta-ªów, od-kry-to w 
ten spo-sób tak-»e struk-
 []

(./generalIssues/thermodynamics.tex [11 <./generalIssues/Figures/diffraction3.p
ng>]) (./generalIssues/entropy.tex [12]) (./generalIssues/distributions.tex

LaTeX Warning: The counter will not be printed.
             The label is: - on input line 3.

[13]
<generalIssues/Figures/maxwellDistribution.png, id=298, 192.72pt x 134.904pt>
File: generalIssues/Figures/maxwellDistribution.png Graphic file (type png)
<use generalIssues/Figures/maxwellDistribution.png>
Package pdftex.def Info: generalIssues/Figures/maxwellDistribution.png  used on
 input line 32.
(pdftex.def)             Requested size: 329.27856pt x 230.49474pt.

Underfull \hbox (badness 10000) in paragraph at lines 38--42

 []

[14 <./generalIssues/Figures/maxwellDistribution.png (PNG copy)>]
Underfull \hbox (badness 10000) in paragraph at lines 50--51

 []


Underfull \hbox (badness 10000) in paragraph at lines 52--56

 []

<generalIssues/Figures/fermi.png, id=306, 301.125pt x 300.12125pt>
File: generalIssues/Figures/fermi.png Graphic file (type png)
<use generalIssues/Figures/fermi.png>
Package pdftex.def Info: generalIssues/Figures/fermi.png  used on input line 61
.
(pdftex.def)             Requested size: 235.19897pt x 234.42336pt.
) [15 <./generalIssues/Figures/fermi.png>]
(./generalIssues/matter_construction.tex
<generalIssues/Figures/standard_model.png, id=314, 568.524pt x 553.267pt>
File: generalIssues/Figures/standard_model.png Graphic file (type png)
<use generalIssues/Figures/standard_model.png>
Package pdftex.def Info: generalIssues/Figures/standard_model.png  used on inpu
t line 7.
(pdftex.def)             Requested size: 232.84827pt x 226.59612pt.
 [16 <./generalIssues/Figures/standard_model.png>]
LaTeX Font Info:    Try loading font information for OMS+pplj on input line 17.

LaTeX Font Info:    No file OMSpplj.fd. on input line 17.


LaTeX Font Warning: Font shape `OMS/pplj/m/n' undefined
(Font)              using `OMS/cmsy/m/n' instead
(Font)              for symbol `textbullet' on input line 17.


Overfull \hbox (1.80983pt too wide) in paragraph at lines 32--33
[]\T1/pplj/m/n/10 Protony i neu-tro-ny zwi¡-za-ne od-dzia-ªy-wa-niem sil-nym (z
a po-±red-nic-twem
 []


Overfull \hbox (0.87984pt too wide) in paragraph at lines 40--41
[]\T1/pplj/m/n/10 kowalencyjny ^^U po-le-ga-j¡-cy na uwspól-nia-niu par elek-tr
o-nów przez dwa
 []

[17]) (./generalIssues/duality.tex
Overfull \hbox (34.10977pt too wide) in paragraph at lines 9--10
\T1/pplj/m/n/10 stecz-ka-mi. Naj-wi¦k-sze ukªa-dy, dla któ-rych za-ob-ser-wo-wa
-no du-alizm korpuskularno-
 []

) (./generalIssues/hamiltonian.tex [18]
Overfull \hbox (1.07468pt too wide) in paragraph at lines 17--23
\OML/plm/m/it/10 T\OT1/zplm/m/n/10 (\OML/plm/m/it/10 q[]\OT1/zplm/m/n/10 (\OML/
plm/m/it/10 t\OT1/zplm/m/n/10 )\OT4/cmr/m/n/10 , ...\OML/plm/m/it/10 q[]\OT1/zp
lm/m/n/10 (\OML/plm/m/it/10 t\OT1/zplm/m/n/10 )\OT4/cmr/m/n/10 , []\OT1/zplm/m/
n/10 (\OML/plm/m/it/10 t\OT1/zplm/m/n/10 )\OT4/cmr/m/n/10 , ..., []\OT1/zplm/m/
n/10 (\OML/plm/m/it/10 t\OT1/zplm/m/n/10 )\OT4/cmr/m/n/10 , \OML/plm/m/it/10 t\
OT1/zplm/m/n/10 ) \OMS/plsy/m/n/10 ^^@ \OML/plm/m/it/10 U\OT1/zplm/m/n/10 (\OML
/plm/m/it/10 q[]\OT1/zplm/m/n/10 (\OML/plm/m/it/10 t\OT1/zplm/m/n/10 )\OT4/cmr/
m/n/10 , ...\OML/plm/m/it/10 q[]\OT1/zplm/m/n/10 (\OML/plm/m/it/10 t\OT1/zplm/m
/n/10 )\OT4/cmr/m/n/10 , []\OT1/zplm/m/n/10 (\OML/plm/m/it/10 t\OT1/zplm/m/n/10
 )\OT4/cmr/m/n/10 , ..., []\OT1/zplm/m/n/10 (\OML/plm/m/it/10 t\OT1/zplm/m/n/10
 )\OT4/cmr/m/n/10 , \OML/plm/m/it/10 t\OT1/zplm/m/n/10 )$\T1/pplj/m/n/10 , gdzi
e: 
 []


Underfull \hbox (badness 10000) in paragraph at lines 17--23

 []


Underfull \hbox (badness 10000) in paragraph at lines 35--39

 []

[19]) (./generalIssues/schrodinger.tex [20]) (./generalIssues/quantum.tex)
(./generalIssues/hydrogen.tex [21]
<generalIssues/Figures/potential.png, id=343, 401.5pt x 373.395pt>
File: generalIssues/Figures/potential.png Graphic file (type png)
<use generalIssues/Figures/potential.png>
Package pdftex.def Info: generalIssues/Figures/potential.png  used on input lin
e 10.
(pdftex.def)             Requested size: 332.64185pt x 309.37651pt.

Underfull \hbox (badness 10000) in paragraph at lines 16--18

 []

[22 <./generalIssues/Figures/potential.png>]) (./EDMIIssues/automats.tex
<EDMIIssues/Figures/sasiedztwa.png, id=350, 1076.02pt x 565.11125pt>
File: EDMIIssues/Figures/sasiedztwa.png Graphic file (type png)
<use EDMIIssues/Figures/sasiedztwa.png>
Package pdftex.def Info: EDMIIssues/Figures/sasiedztwa.png  used on input line 
20.
(pdftex.def)             Requested size: 201.60205pt x 105.87186pt.

[23] [24 <./EDMIIssues/Figures/sasiedztwa.png>]) (./EDMIIssues/genetic.tex)
(./EDMIIssues/networks.tex [25]
Overfull \hbox (0.31981pt too wide) in paragraph at lines 6--7
[]\T1/pplj/m/n/10 Pot¦gowy roz-kªad stop-ni wierz-choª-ków jest ce-ch¡ cha-rak-
te-ry-stycz-n¡ wie-
 []

LaTeX Font Info:    Try loading font information for T1+cmtt on input line 25.
(/usr/share/texlive/texmf-dist/tex/latex/base/t1cmtt.fd
File: t1cmtt.fd 2014/09/29 v2.5h Standard LaTeX font definitions
)
Package microtype Info: Loading generic protrusion settings for font family
(microtype)             `cmtt' (encoding: T1).
(microtype)             For optimal results, create family-specific settings.
(microtype)             See the microtype manual for details.
)
Overfull \hbox (31.99156pt too wide) in paragraph at lines 25--77
\T1/pplj/m/n/10 ([]$\T1/cmtt/m/n/10 http : / / www . if . pw . edu . pl / ~agat
ka / moodle / charakterystyki . html # x1-[]2002r1$[]\T1/pplj/m/n/10 )
 []


Underfull \hbox (badness 10000) in paragraph at lines 25--77

 []

[26] (./EDMIIssues/agents.tex
Underfull \hbox (badness 10000) in paragraph at lines 13--15

 []


Underfull \hbox (badness 10000) in paragraph at lines 16--17

 []


Overfull \hbox (11.94208pt too wide) in paragraph at lines 18--20
[]$\OML/plm/m/it/10 ^^Q[]\OT1/zplm/m/n/10 (\OML/plm/m/it/10 t\OT1/zplm/m/n/10 )
$ \T1/pplj/m/n/10 ^^U czyn-nik tem-pe-ra-tu-ro-wy (szum lo-so-wy) o wªa-±ci-wo-
±ciach $\OML/plm/m/it/10 < ^^Q[]\OT1/zplm/m/n/10 (\OML/plm/m/it/10 t\OT1/zplm/m
/n/10 ) \OML/plm/m/it/10 >\OT1/zplm/m/n/10 =
 []

<EDMIIssues/Figures/lider.png, id=372, 883.3pt x 327.2225pt>
File: EDMIIssues/Figures/lider.png Graphic file (type png)
<use EDMIIssues/Figures/lider.png>
Package pdftex.def Info: EDMIIssues/Figures/lider.png  used on input line 35.
(pdftex.def)             Requested size: 332.64185pt x 123.2274pt.
[27]
<EDMIIssues/Figures/density.png, id=380, 454.69875pt x 313.17pt>
File: EDMIIssues/Figures/density.png Graphic file (type png)
<use EDMIIssues/Figures/density.png>
Package pdftex.def Info: EDMIIssues/Figures/density.png  used on input line 65.

(pdftex.def)             Requested size: 235.19897pt x 161.99396pt.
 [28 <./EDMIIssues/Figures/lider.png>]) (./EDMIIssues/hopfield.tex [29 <./EDMII
ssues/Figures/density.png>]
<EDMIIssues/Figures/hopfield.jpg, id=393, 343.2825pt x 263.48438pt>
File: EDMIIssues/Figures/hopfield.jpg Graphic file (type jpg)
<use EDMIIssues/Figures/hopfield.jpg>
Package pdftex.def Info: EDMIIssues/Figures/hopfield.jpg  used on input line 13
.
(pdftex.def)             Requested size: 231.84082pt x 177.94478pt.
 [30 <./EDMIIssues/Figures/hopfield.jpg>])
(./EDMIIssues/bayes.tex [31]
Overfull \hbox (1.1398pt too wide) in paragraph at lines 32--33
[]\T1/pplj/m/n/10 Dotychczasowe omó-wie-nie pro-ble-mu wy-pro-wa-dzi-ªo mo-del 
nie-za-le»-nych
 []


Underfull \hbox (badness 10000) in paragraph at lines 32--33

 []


Underfull \hbox (badness 10000) in paragraph at lines 36--43

 []

) (./EDMIIssues/signals.tex [32]
Overfull \hbox (0.21988pt too wide) in paragraph at lines 15--19
[]$[]$ \T1/pplj/m/n/10 - nie za-tra-ca cha-rak-te-ru ba-da-ne-go sze-
 []

<EDMIIssues/Figures/sombrero.png, id=409, 250.9375pt x 154.5775pt>
File: EDMIIssues/Figures/sombrero.png Graphic file (type png)
<use EDMIIssues/Figures/sombrero.png>
Package pdftex.def Info: EDMIIssues/Figures/sombrero.png  used on input line 24
.
(pdftex.def)             Requested size: 161.27856pt x 99.35144pt.
<EDMIIssues/Figures/morlet.png, id=410, 1204.5pt x 743.77875pt>
File: EDMIIssues/Figures/morlet.png Graphic file (type png)
<use EDMIIssues/Figures/morlet.png>
Package pdftex.def Info: EDMIIssues/Figures/morlet.png  used on input line 28.
(pdftex.def)             Requested size: 161.27856pt x 99.58865pt.

Underfull \hbox (badness 10000) in paragraph at lines 60--61

 []

[33 <./EDMIIssues/Figures/sombrero.png> <./EDMIIssues/Figures/morlet.png>]
<EDMIIssues/Figures/emd1.png, id=419, 351.3125pt x 112.42pt>
File: EDMIIssues/Figures/emd1.png Graphic file (type png)
<use EDMIIssues/Figures/emd1.png>
Package pdftex.def Info: EDMIIssues/Figures/emd1.png  used on input line 80.
(pdftex.def)             Requested size: 161.27856pt x 51.6109pt.
<EDMIIssues/Figures/emd2.png, id=420, 346.29375pt x 106.3975pt>
File: EDMIIssues/Figures/emd2.png Graphic file (type png)
<use EDMIIssues/Figures/emd2.png>
Package pdftex.def Info: EDMIIssues/Figures/emd2.png  used on input line 84.
(pdftex.def)             Requested size: 161.27856pt x 49.55386pt.
<EDMIIssues/Figures/emd3.png, id=421, 339.2675pt x 114.4275pt>
File: EDMIIssues/Figures/emd3.png Graphic file (type png)
<use EDMIIssues/Figures/emd3.png>
Package pdftex.def Info: EDMIIssues/Figures/emd3.png  used on input line 88.
(pdftex.def)             Requested size: 161.27856pt x 54.39552pt.
<EDMIIssues/Figures/emd4.png, id=422, 343.2825pt x 114.4275pt>
File: EDMIIssues/Figures/emd4.png Graphic file (type png)
<use EDMIIssues/Figures/emd4.png>
Package pdftex.def Info: EDMIIssues/Figures/emd4.png  used on input line 92.
(pdftex.def)             Requested size: 161.27856pt x 53.75822pt.
)
(./EDMIIssues/synchro.tex
Underfull \hbox (badness 10000) in paragraph at lines 5--11

 []


Overfull \hbox (3.38826pt too wide) in paragraph at lines 12--13
[]\T1/pplj/m/n/10 Ukªady s¡ zsyn-chro-ni-zo-wa-ne fa-zo-wo je-±li ró»-ni-ca faz
 $\OMS/plsy/m/n/10 j\OML/plm/m/it/10 n []\OT1/zplm/m/n/10 (\OML/plm/m/it/10 t\O
T1/zplm/m/n/10 ) + \OML/plm/m/it/10 m []\OT1/zplm/m/n/10 (\OML/plm/m/it/10 t\OT
1/zplm/m/n/10 )\OMS/plsy/m/n/10 j \OT1/zplm/m/n/10 =
 []

[34 <./EDMIIssues/Figures/emd1.png> <./EDMIIssues/Figures/emd2.png> <./EDMIIssu
es/Figures/emd3.png> <./EDMIIssues/Figures/emd4.png>]
Underfull \hbox (badness 10000) in paragraph at lines 36--37

 []

<EDMIIssues/Figures/pol.png, id=432, 341.275pt x 226.8475pt>
File: EDMIIssues/Figures/pol.png Graphic file (type png)
<use EDMIIssues/Figures/pol.png>
Package pdftex.def Info: EDMIIssues/Figures/pol.png  used on input line 48.
(pdftex.def)             Requested size: 184.80103pt x 122.8385pt.

Underfull \hbox (badness 10000) in paragraph at lines 53--54

 []

[35 <./EDMIIssues/Figures/pol.png>]) (./EDMIIssues/fokker.tex
Overfull \hbox (2.54979pt too wide) in paragraph at lines 1--2
$[]$ \T1/pplj/m/n/10 ^^U rów-na-nie ró»-nicz-ko-we cz¡st-ko-we dru-gie-go rz¦-
 []


Overfull \hbox (1.6609pt too wide) in paragraph at lines 1--2
\T1/pplj/m/n/10 du. Opi-su-je ewo-lu-cj¦ cza-so-w¡ funk-cji g¦-sto-±ci praw-do-
po-do-bie«-stwa $\OML/plm/m/it/10 p\OT1/zplm/m/n/10 ([]\OT4/cmr/m/n/10 , [], \O
ML/plm/m/it/10 t\OT1/zplm/m/n/10 )$
 []


Overfull \hbox (36.75388pt too wide) in paragraph at lines 3--4
[]$[]\OML/plm/m/it/10 p\OT1/zplm/m/n/10 ([]\OT4/cmr/m/n/10 , [], \OML/plm/m/it/
10 t\OT1/zplm/m/n/10 ) = [] \OMS/plsy/m/n/10 ^^@ [] []\OML/plm/m/it/10 D[]\OT1/
zplm/m/n/10 (\OML/plm/m/it/10 x[]\OT4/cmr/m/n/10 , ..., \OML/plm/m/it/10 x[]\OT
1/zplm/m/n/10 ) + [] [] []\OML/plm/m/it/10 D[]\OT1/zplm/m/n/10 (\OML/plm/m/it/1
0 x[]\OT4/cmr/m/n/10 , ..., \OML/plm/m/it/10 x[]\OT1/zplm/m/n/10 )[]\OML/plm/m/
it/10 p\OT1/zplm/m/n/10 ([]\OT4/cmr/m/n/10 , [], \OML/plm/m/it/10 t\OT1/zplm/m/
n/10 )$\T1/pplj/m/n/10 ,
 []


Underfull \hbox (badness 10000) in paragraph at lines 5--6

 []


Underfull \hbox (badness 10000) in paragraph at lines 9--10

 []


Underfull \hbox (badness 10000) in paragraph at lines 11--12

 []


Underfull \hbox (badness 10000) in paragraph at lines 13--14

 []


Underfull \hbox (badness 10000) in paragraph at lines 19--20

 []

[36]) (./EDMIIssues/fractals.tex
<EDMIIssues/Figures/cantor.png, id=446, 731.73375pt x 118.4425pt>
File: EDMIIssues/Figures/cantor.png Graphic file (type png)
<use EDMIIssues/Figures/cantor.png>
Package pdftex.def Info: EDMIIssues/Figures/cantor.png  used on input line 28.
(pdftex.def)             Requested size: 332.64185pt x 53.84262pt.
 [37 <./EDMIIssues/Figures/cantor.png>]
<EDMIIssues/Figures/gavotte.png, id=455, 540.0175pt x 99.37125pt>
File: EDMIIssues/Figures/gavotte.png Graphic file (type png)
<use EDMIIssues/Figures/gavotte.png>
Package pdftex.def Info: EDMIIssues/Figures/gavotte.png  used on input line 50.

(pdftex.def)             Requested size: 268.80103pt x 49.46411pt.
<EDMIIssues/Figures/stairs.png, id=457, 291.0875pt x 201.75375pt>
File: EDMIIssues/Figures/stairs.png Graphic file (type png)
<use EDMIIssues/Figures/stairs.png>
Package pdftex.def Info: EDMIIssues/Figures/stairs.png  used on input line 74.
(pdftex.def)             Requested size: 268.80103pt x 186.32066pt.

[38 <./EDMIIssues/Figures/gavotte.png>]
Overfull \hbox (36.75978pt too wide) in paragraph at lines 80--81
[]$[]$ 
 []

<EDMIIssues/Figures/dfa.png, id=466, 552.0625pt x 355.3275pt>
File: EDMIIssues/Figures/dfa.png Graphic file (type png)
<use EDMIIssues/Figures/dfa.png>
Package pdftex.def Info: EDMIIssues/Figures/dfa.png  used on input line 97.
(pdftex.def)             Requested size: 268.80103pt x 173.01677pt.
[39 <./EDMIIssues/Figures/stairs.png> <./EDMIIssues/Figures/dfa.png>]
<EDMIIssues/Figures/wam.png, id=475, 308.15125pt x 239.89626pt>
File: EDMIIssues/Figures/wam.png Graphic file (type png)
<use EDMIIssues/Figures/wam.png>
Package pdftex.def Info: EDMIIssues/Figures/wam.png  used on input line 116.
(pdftex.def)             Requested size: 268.80103pt x 209.27908pt.
)
(./EDMIIssues/ising.tex
Underfull \hbox (badness 10000) in paragraph at lines 11--12

 []

[40 <./EDMIIssues/Figures/wam.png>]) (./EDMIIssues/symmetry.tex [41]
<EDMIIssues/Figures/ants1.png, id=487, 714.67pt x 481.8pt>
File: EDMIIssues/Figures/ants1.png Graphic file (type png)
<use EDMIIssues/Figures/ants1.png>
Package pdftex.def Info: EDMIIssues/Figures/ants1.png  used on input line 36.
(pdftex.def)             Requested size: 319.19897pt x 215.19063pt.
<EDMIIssues/Figures/ants2.png, id=489, 625.33624pt x 513.92pt>
File: EDMIIssues/Figures/ants2.png Graphic file (type png)
<use EDMIIssues/Figures/ants2.png>
Package pdftex.def Info: EDMIIssues/Figures/ants2.png  used on input line 48.
(pdftex.def)             Requested size: 319.19897pt x 262.33098pt.
) [42 <./EDMIIssues/Figures/ants1.png>] (./EDMIIssues/information.tex [43 <./ED
MIIssues/Figures/ants2.png>])
Overfull \hbox (1.81982pt too wide) in paragraph at lines 34--107
[]\T1/pplj/m/n/10 Przepustowo±¢ ka-na-ªu to mak-sy-mal-na war-to±¢ in-for-ma-cj
i wza-jem-nej mi¦-
 []

(./EDMIIssues/reduction.tex
<EDMIIssues/Figures/lda.png, id=504, 558.085pt x 204.765pt>
File: EDMIIssues/Figures/lda.png Graphic file (type png)
<use EDMIIssues/Figures/lda.png>
Package pdftex.def Info: EDMIIssues/Figures/lda.png  used on input line 13.
(pdftex.def)             Requested size: 332.64185pt x 122.05069pt.

Overfull \hbox (0.20993pt too wide) in paragraph at lines 19--20
[]$[]$ \T1/pplj/m/n/10 - za-kªa-da-my ró»-ne ma-cie-rze ko-war-
 []

[44 <./EDMIIssues/Figures/lda.png>]
Overfull \hbox (0.4198pt too wide) in paragraph at lines 25--26
[]\T1/pplj/m/n/10 najcz¦sciej ob-ser-wa-cje nie s¡ rów-no-mier-nie roz-rzu-co-n
e wzdªu» wszyst-
 []


Overfull \hbox (3.28986pt too wide) in paragraph at lines 47--48
[]\T1/pplj/m/n/10 Podobienstwo po-mi¦-dzy ska-lo-wa-niem wie-lo-wy-mia-ro-wym ,
a ana-li-z¡ skªa-
 []

[45]
<EDMIIssues/Figures/autoencoder.png, id=515, 1100.11pt x 873.2625pt>
File: EDMIIssues/Figures/autoencoder.png Graphic file (type png)
<use EDMIIssues/Figures/autoencoder.png>
Package pdftex.def Info: EDMIIssues/Figures/autoencoder.png  used on input line
 61.
(pdftex.def)             Requested size: 332.64185pt x 264.04613pt.
) (./EDMIIssues/statistic.tex
Overfull \hbox (2.9798pt too wide) in paragraph at lines 9--13
[]\T1/pplj/m/n/10 Przykªadem es-ty-ma-cji punk-to-wej jest $[]$: 
 []

[46 <./EDMIIssues/Figures/autoencoder.png (PNG copy)>] [47])
Package atveryend Info: Empty hook `BeforeClearDocument' on input line 114.
 [48]
Package atveryend Info: Empty hook `AfterLastShipout' on input line 114.

(./opracowanieZagadnien.aux)
Package atveryend Info: Executing hook `AtVeryEndDocument' on input line 114.
Package atveryend Info: Executing hook `AtEndAfterFileList' on input line 114.
Package rerunfilecheck Info: File `opracowanieZagadnien.out' has not changed.
(rerunfilecheck)             Checksum: 305F42BDCAC2276F118CFE8A4BF2C03F;3086.


LaTeX Font Warning: Some font shapes were not available, defaults substituted.


LaTeX Warning: There were multiply-defined labels.

Package atveryend Info: Empty hook `AtVeryVeryEnd' on input line 114.
 ) 
Here is how much of TeX's memory you used:
 13828 strings out of 492982
 245605 string characters out of 6134896
 498858 words of memory out of 5000000
 16875 multiletter control sequences out of 15000+600000
 58892 words of font info for 90 fonts, out of 8000000 for 9000
 1141 hyphenation exceptions out of 8191
 59i,21n,79p,1861b,634s stack positions out of 5000i,500n,10000p,200000b,80000s
{/usr/share/texmf/fonts/enc/dvips/cm-super/cm-super-t1.enc}{/usr/share/texliv
e/texmf-dist/fonts/enc/dvips/base/8r.enc}{/usr/share/texlive/texmf-dist/fonts/e
nc/dvips/pl/plme.enc}{/usr/share/texlive/texmf-dist/fonts/enc/dvips/pl/plrm.enc
}{/usr/share/texlive/texmf-dist/fonts/enc/dvips/pl/plmi.enc}{/usr/share/texlive
/texmf-dist/fonts/enc/dvips/pl/plms.enc}</usr/share/texlive/texmf-dist/fonts/ty
pe1/public/amsfonts/cm/cmr10.pfb></usr/share/texlive/texmf-dist/fonts/type1/pub
lic/amsfonts/cm/cmsy10.pfb></usr/share/texlive/texmf-dist/fonts/type1/public/ma
thpazo/fplmr.pfb></usr/share/texlive/texmf-dist/fonts/type1/public/fpl/fplrc8a.
pfb></usr/share/texlive/texmf-dist/fonts/type1/public/fpl/fplrij8a.pfb></usr/sh
are/texlive/texmf-dist/fonts/type1/public/pl/plex10.pfb></usr/share/texlive/tex
mf-dist/fonts/type1/public/pl/plmi10.pfb></usr/share/texlive/texmf-dist/fonts/t
ype1/public/pl/plmi6.pfb></usr/share/texlive/texmf-dist/fonts/type1/public/pl/p
lmi8.pfb></usr/share/texlive/texmf-dist/fonts/type1/public/pl/plr10.pfb></usr/s
hare/texlive/texmf-dist/fonts/type1/public/pl/plr6.pfb></usr/share/texlive/texm
f-dist/fonts/type1/public/pl/plr8.pfb></usr/share/texlive/texmf-dist/fonts/type
1/public/pl/plsy10.pfb></usr/share/texlive/texmf-dist/fonts/type1/public/pl/pls
y6.pfb></usr/share/texlive/texmf-dist/fonts/type1/public/pl/plsy8.pfb></usr/sha
re/texmf/fonts/type1/public/cm-super/sftt1000.pfb></usr/share/texlive/texmf-dis
t/fonts/type1/urw/palatino/uplb8a.pfb></usr/share/texlive/texmf-dist/fonts/type
1/urw/palatino/uplr8a.pfb></usr/share/texlive/texmf-dist/fonts/type1/urw/palati
no/uplri8a.pfb>
Output written on opracowanieZagadnien.pdf (48 pages, 1317389 bytes).
PDF statistics:
 630 PDF objects out of 1000 (max. 8388607)
 501 compressed objects within 6 object streams
 140 named destinations out of 1000 (max. 500000)
 17298 words of extra memory for PDF output out of 20736 (max. 10000000)

